<?xml version="1.0" encoding="UTF-8"?>
<testng-results ignored="0" total="2" passed="2" failed="0" skipped="0">
  <reporter-output>
  </reporter-output>
  <suite started-at="2025-05-09T22:47:09 PDT" name="Default suite" finished-at="2025-05-09T22:47:30 PDT" duration-ms="20391">
    <groups>
    </groups>
    <test started-at="2025-05-09T22:47:09 PDT" name="Default test" finished-at="2025-05-09T22:47:30 PDT" duration-ms="20391">
      <class name="org.ts.Tsk">
        <test-method signature="tc01()[pri:0, instance:org.ts.Tsk@443118b0]" started-at="2025-05-09T22:47:09 PDT" name="tc01" finished-at="2025-05-09T22:47:29 PDT" duration-ms="19870" status="PASS">
          <reporter-output>
          </reporter-output>
        </test-method> <!-- tc01 -->
        <test-method signature="tc02()[pri:0, instance:org.ts.Tsk@443118b0]" started-at="2025-05-09T22:47:29 PDT" name="tc02" finished-at="2025-05-09T22:47:30 PDT" duration-ms="346" status="PASS">
          <reporter-output>
          </reporter-output>
        </test-method> <!-- tc02 -->
      </class> <!-- org.ts.Tsk -->
    </test> <!-- Default test -->
  </suite> <!-- Default suite -->
</testng-results>
